2025-11-01 18:51:24,305 | INFO | Bot started.
2025-11-01 18:51:24,308 | INFO | Selected spot: Windy @ (589,185)
2025-11-01 18:51:24,308 | INFO | Found Miscrits window: client (x=705, y=222, w=1152, h=648)
2025-11-01 18:51:24,308 | INFO | First click on spot: (589,185)
2025-11-01 18:51:25,111 | INFO | Clicking spot (not in battle yet)...
2025-11-01 18:51:26,044 | INFO | Clicking spot (not in battle yet)...
2025-11-01 18:51:26,819 | INFO | Clicking spot (not in battle yet)...
2025-11-01 18:51:27,520 | INFO | Clicking spot (not in battle yet)...
2025-11-01 18:51:28,299 | INFO | Clicking spot (not in battle yet)...
2025-11-01 18:51:29,062 | INFO | Clicking spot (not in battle yet)...
2025-11-01 18:51:29,808 | INFO | Clicking spot (not in battle yet)...
2025-11-01 18:51:30,536 | INFO | Clicking spot (not in battle yet)...
2025-11-01 18:51:31,360 | INFO | Clicking spot (not in battle yet)...
2025-11-01 18:51:32,296 | INFO | Clicking spot (not in battle yet)...
2025-11-01 18:51:33,120 | INFO | Clicking spot (not in battle yet)...
2025-11-01 18:51:34,037 | INFO | Clicking spot (not in battle yet)...
2025-11-01 18:51:34,816 | INFO | Clicking spot (not in battle yet)...
2025-11-01 18:51:35,515 | INFO | Clicking spot (not in battle yet)...
2025-11-01 18:51:36,307 | INFO | Clicking spot (not in battle yet)...
2025-11-01 18:51:37,128 | INFO | Clicking spot (not in battle yet)...
2025-11-01 18:51:37,921 | INFO | Clicking spot (not in battle yet)...
2025-11-01 18:51:38,664 | INFO | Clicking spot (not in battle yet)...
2025-11-01 18:51:39,589 | INFO | Clicking spot (not in battle yet)...
2025-11-01 18:51:40,271 | INFO | Clicking spot (not in battle yet)...
2025-11-01 18:51:41,144 | INFO | Clicking spot (not in battle yet)...
2025-11-01 18:51:41,901 | INFO | Clicking spot (not in battle yet)...
2025-11-01 18:51:42,598 | INFO | Clicking spot (not in battle yet)...
2025-11-01 18:51:43,327 | INFO | Clicking spot (not in battle yet)...
2025-11-01 18:51:44,105 | INFO | Clicking spot (not in battle yet)...
2025-11-01 18:51:44,862 | INFO | Clicking spot (not in battle yet)...
2025-11-01 18:51:45,651 | INFO | Clicking spot (not in battle yet)...
2025-11-01 18:51:46,382 | INFO | Clicking spot (not in battle yet)...
2025-11-01 18:51:47,192 | INFO | Clicking spot (not in battle yet)...
2025-11-01 18:51:47,936 | INFO | Clicking spot (not in battle yet)...
2025-11-01 18:51:48,725 | INFO | Clicking spot (not in battle yet)...
2025-11-01 18:51:49,472 | INFO | Clicking spot (not in battle yet)...
2025-11-01 18:51:50,265 | INFO | Clicking spot (not in battle yet)...
2025-11-01 18:51:51,020 | INFO | Clicking spot (not in battle yet)...
2025-11-01 18:51:51,825 | INFO | Clicking spot (not in battle yet)...
2025-11-01 18:51:52,617 | INFO | Clicking spot (not in battle yet)...
2025-11-01 18:51:53,329 | INFO | Clicking spot (not in battle yet)...
2025-11-01 18:51:54,182 | INFO | Clicking spot (not in battle yet)...
2025-11-01 18:51:54,927 | INFO | Clicking spot (not in battle yet)...
2025-11-01 18:51:55,641 | INFO | Clicking spot (not in battle yet)...
2025-11-01 18:51:56,402 | INFO | Clicking spot (not in battle yet)...
2025-11-01 18:51:57,151 | INFO | Clicking spot (not in battle yet)...
2025-11-01 18:51:57,928 | INFO | Clicking spot (not in battle yet)...
2025-11-01 18:51:58,706 | INFO | Clicking spot (not in battle yet)...
2025-11-01 18:51:59,504 | INFO | Clicking spot (not in battle yet)...
2025-11-01 18:52:00,264 | INFO | Clicking spot (not in battle yet)...
2025-11-01 18:52:01,026 | INFO | Clicking spot (not in battle yet)...
2025-11-01 18:52:01,757 | INFO | Clicking spot (not in battle yet)...
2025-11-01 18:52:02,536 | INFO | Clicking spot (not in battle yet)...
2025-11-01 18:52:03,361 | INFO | Clicking spot (not in battle yet)...
2025-11-01 18:52:04,141 | INFO | Clicking spot (not in battle yet)...
2025-11-01 18:52:04,899 | INFO | Clicking spot (not in battle yet)...
2025-11-01 18:52:05,695 | INFO | Clicking spot (not in battle yet)...
2025-11-01 18:52:06,457 | INFO | Clicking spot (not in battle yet)...
2025-11-01 18:52:07,233 | INFO | Clicking spot (not in battle yet)...
2025-11-01 18:52:08,043 | INFO | Clicking spot (not in battle yet)...
2025-11-01 18:52:08,881 | INFO | Clicking spot (not in battle yet)...
2025-11-01 18:52:09,689 | INFO | Clicking spot (not in battle yet)...
2025-11-01 18:52:10,603 | INFO | Clicking spot (not in battle yet)...
2025-11-01 18:52:11,538 | INFO | Clicking spot (not in battle yet)...
2025-11-01 18:52:12,347 | INFO | Clicking spot (not in battle yet)...
2025-11-01 18:52:13,094 | INFO | Clicking spot (not in battle yet)...
2025-11-01 18:52:13,843 | INFO | Clicking spot (not in battle yet)...
2025-11-01 18:53:04,275 | INFO | Bot started.
2025-11-01 18:53:04,278 | INFO | Selected spot: Windy @ (589,185)
2025-11-01 18:53:04,278 | INFO | Found Miscrits window: client (x=1044, y=609, w=1152, h=648)
2025-11-01 18:53:04,278 | INFO | First click on spot: (589,185)
2025-11-01 18:53:05,056 | INFO | Clicking spot (not in battle yet)...
2025-11-01 18:53:05,835 | INFO | Clicking spot (not in battle yet)...
2025-11-01 18:53:06,643 | INFO | Clicking spot (not in battle yet)...
2025-11-01 18:53:07,469 | INFO | Clicking spot (not in battle yet)...
2025-11-01 18:53:08,249 | INFO | Clicking spot (not in battle yet)...
2025-11-01 18:53:09,184 | INFO | Clicking spot (not in battle yet)...
2025-11-01 18:53:10,179 | INFO | Clicking spot (not in battle yet)...
2025-11-01 18:53:11,103 | INFO | Clicking spot (not in battle yet)...
2025-11-01 18:53:11,941 | INFO | Clicking spot (not in battle yet)...
2025-11-01 18:53:12,659 | INFO | Clicking spot (not in battle yet)...
2025-11-01 18:53:13,451 | INFO | Clicking spot (not in battle yet)...
2025-11-01 18:53:14,140 | INFO | Clicking spot (not in battle yet)...
2025-11-01 18:53:14,890 | INFO | Clicking spot (not in battle yet)...
2025-11-01 18:53:15,666 | INFO | Clicking spot (not in battle yet)...
2025-11-01 18:53:16,444 | INFO | Clicking spot (not in battle yet)...
2025-11-01 18:53:17,208 | INFO | Clicking spot (not in battle yet)...
2025-11-01 18:53:17,972 | INFO | Clicking spot (not in battle yet)...
2025-11-01 18:53:18,709 | INFO | Clicking spot (not in battle yet)...
2025-11-01 18:53:19,412 | INFO | Clicking spot (not in battle yet)...
2025-11-01 18:53:20,313 | INFO | Clicking spot (not in battle yet)...
2025-11-01 18:53:21,092 | INFO | Clicking spot (not in battle yet)...
2025-11-01 18:53:21,838 | INFO | Clicking spot (not in battle yet)...
2025-11-01 18:53:22,537 | INFO | Clicking spot (not in battle yet)...
2025-11-01 18:53:23,268 | INFO | Clicking spot (not in battle yet)...
2025-11-01 18:53:24,042 | INFO | Clicking spot (not in battle yet)...
2025-11-01 18:53:24,770 | INFO | Clicking spot (not in battle yet)...
2025-11-01 18:53:25,515 | INFO | Clicking spot (not in battle yet)...
2025-11-01 18:53:26,196 | INFO | Clicking spot (not in battle yet)...
2025-11-01 18:53:26,991 | INFO | Clicking spot (not in battle yet)...
2025-11-01 18:53:27,769 | INFO | Clicking spot (not in battle yet)...
2025-11-01 19:00:18,511 | INFO | Bot started.
2025-11-01 19:00:18,513 | INFO | Selected spot: Windy @ (589,185)
2025-11-01 19:00:18,513 | INFO | Found Miscrits window: client (x=1044, y=609, w=1152, h=648)
2025-11-01 19:00:18,513 | INFO | First click on spot: (589,185)
2025-11-01 19:00:28,830 | INFO | Clicking spot (not in battle yet)...
2025-11-01 19:00:39,115 | INFO | Clicking spot (not in battle yet)...
2025-11-01 19:00:49,292 | INFO | Clicking spot (not in battle yet)...
2025-11-01 19:00:59,577 | INFO | Clicking spot (not in battle yet)...
2025-11-01 19:01:09,843 | INFO | Clicking spot (not in battle yet)...
2025-11-01 19:01:20,292 | INFO | Clicking spot (not in battle yet)...
2025-11-01 19:01:30,555 | INFO | Clicking spot (not in battle yet)...
2025-11-01 19:01:40,816 | INFO | Clicking spot (not in battle yet)...
2025-11-01 19:01:51,098 | INFO | Clicking spot (not in battle yet)...
2025-11-01 19:02:01,370 | INFO | Clicking spot (not in battle yet)...
2025-11-01 19:02:11,665 | INFO | Clicking spot (not in battle yet)...
2025-11-01 19:02:21,901 | INFO | Bot stopped.
2025-11-01 19:12:05,867 | INFO | Bot started.
2025-11-01 19:12:05,869 | INFO | Selected spot: Windy @ (589,185)
2025-11-01 19:12:05,869 | INFO | Found Miscrits window: client (x=1152, y=615, w=1152, h=648)
2025-11-01 19:12:05,869 | INFO | First click on spot via template if possible...
2025-11-01 19:18:20,728 | INFO | Bot started.
2025-11-01 19:18:20,731 | INFO | Selected spot 'Windy' template: assets/templates/spots/spot_1762003984.png
2025-11-01 19:18:20,731 | INFO | Found Miscrits window: client (x=872, y=397, w=1152, h=648)
2025-11-01 19:18:25,308 | INFO | Bot started.
2025-11-01 19:18:25,310 | INFO | Selected spot 'Windy' template: assets/templates/spots/spot_1762003984.png
2025-11-01 19:18:25,310 | INFO | Found Miscrits window: client (x=872, y=397, w=1152, h=648)
2025-11-01 19:18:26,407 | INFO | Bot started.
2025-11-01 19:18:26,408 | INFO | Selected spot 'Windy' template: assets/templates/spots/spot_1762003984.png
2025-11-01 19:18:26,408 | INFO | Found Miscrits window: client (x=872, y=397, w=1152, h=648)
2025-11-01 19:18:27,084 | INFO | Bot started.
2025-11-01 19:18:27,086 | INFO | Selected spot 'Windy' template: assets/templates/spots/spot_1762003984.png
2025-11-01 19:18:27,087 | INFO | Found Miscrits window: client (x=872, y=397, w=1152, h=648)
2025-11-01 19:18:32,808 | INFO | Bot started.
2025-11-01 19:18:32,809 | INFO | Selected spot 'Windy' template: assets/templates/spots/spot_1762003984.png
2025-11-01 19:18:32,810 | INFO | Found Miscrits window: client (x=872, y=397, w=1152, h=648)
2025-11-01 19:18:35,460 | INFO | Bot started.
2025-11-01 19:18:35,462 | INFO | Selected spot 'Windy' template: assets/templates/spots/spot_1762003984.png
2025-11-01 19:18:35,462 | INFO | Found Miscrits window: client (x=872, y=397, w=1152, h=648)
2025-11-01 19:18:54,578 | INFO | Bot started.
2025-11-01 19:18:54,580 | INFO | Selected spot 'Windy' template: assets/templates/spots/spot_1762003984.png
2025-11-01 19:18:54,580 | INFO | Found Miscrits window: client (x=872, y=397, w=1152, h=648)
2025-11-01 19:18:57,278 | INFO | Bot started.
2025-11-01 19:18:57,280 | INFO | Selected spot 'Windy' template: assets/templates/spots/spot_1762003984.png
2025-11-01 19:18:57,280 | INFO | Found Miscrits window: client (x=872, y=397, w=1152, h=648)
2025-11-01 19:18:57,717 | INFO | Bot started.
2025-11-01 19:18:57,718 | INFO | Selected spot 'Windy' template: assets/templates/spots/spot_1762003984.png
2025-11-01 19:18:57,718 | INFO | Found Miscrits window: client (x=872, y=397, w=1152, h=648)
2025-11-01 19:18:58,736 | INFO | Bot started.
2025-11-01 19:18:58,746 | INFO | Selected spot 'Windy' template: assets/templates/spots/spot_1762003984.png
2025-11-01 19:18:58,747 | INFO | Found Miscrits window: client (x=872, y=397, w=1152, h=648)
2025-11-01 19:18:58,936 | INFO | Bot started.
2025-11-01 19:18:58,938 | INFO | Selected spot 'Windy' template: assets/templates/spots/spot_1762003984.png
2025-11-01 19:18:58,938 | INFO | Found Miscrits window: client (x=872, y=397, w=1152, h=648)
2025-11-01 19:18:59,110 | INFO | Bot started.
2025-11-01 19:18:59,112 | INFO | Selected spot 'Windy' template: assets/templates/spots/spot_1762003984.png
2025-11-01 19:18:59,112 | INFO | Found Miscrits window: client (x=872, y=397, w=1152, h=648)
2025-11-01 19:18:59,556 | INFO | Bot started.
2025-11-01 19:18:59,557 | INFO | Selected spot 'Windy' template: assets/templates/spots/spot_1762003984.png
2025-11-01 19:18:59,557 | INFO | Found Miscrits window: client (x=872, y=397, w=1152, h=648)
2025-11-01 19:19:00,036 | INFO | Bot started.
2025-11-01 19:19:00,038 | INFO | Selected spot 'Windy' template: assets/templates/spots/spot_1762003984.png
2025-11-01 19:19:00,038 | INFO | Found Miscrits window: client (x=872, y=397, w=1152, h=648)
2025-11-01 19:19:23,290 | INFO | Bot started.
2025-11-01 19:19:23,291 | INFO | Selected spot 'Windy' template: assets/templates/spots/spot_1762003984.png
2025-11-01 19:19:23,291 | INFO | Found Miscrits window: client (x=872, y=397, w=1152, h=648)
2025-11-01 19:19:31,664 | INFO | Bot started.
2025-11-01 19:19:31,666 | INFO | Selected spot 'Windy' template: assets/templates/spots/spot_1762003984.png
2025-11-01 19:19:31,666 | INFO | Found Miscrits window: client (x=872, y=397, w=1152, h=648)
2025-11-01 19:19:32,200 | INFO | Bot started.
2025-11-01 19:19:32,202 | INFO | Selected spot 'Windy' template: assets/templates/spots/spot_1762003984.png
2025-11-01 19:19:32,202 | INFO | Found Miscrits window: client (x=872, y=397, w=1152, h=648)
2025-11-01 19:19:32,553 | INFO | Bot started.
2025-11-01 19:19:32,555 | INFO | Selected spot 'Windy' template: assets/templates/spots/spot_1762003984.png
2025-11-01 19:19:32,555 | INFO | Found Miscrits window: client (x=872, y=397, w=1152, h=648)
2025-11-01 19:27:57,885 | INFO | Bot started.
2025-11-01 19:27:57,889 | INFO | Selected spot 'Windy', template=assets/templates/spots/spot_1762003984.png thr=0.82
2025-11-01 19:27:57,889 | INFO | Found Miscrits window: client (x=872, y=397, w=1152, h=648)
2025-11-01 19:28:00,445 | INFO | Bot started.
2025-11-01 19:28:00,447 | INFO | Selected spot 'Windy', template=assets/templates/spots/spot_1762003984.png thr=0.82
2025-11-01 19:28:00,447 | INFO | Found Miscrits window: client (x=872, y=397, w=1152, h=648)
2025-11-01 19:28:04,540 | INFO | Bot started.
2025-11-01 19:28:04,542 | INFO | Selected spot 'Windy', template=assets/templates/spots/spot_1762003984.png thr=0.82
2025-11-01 19:28:04,542 | INFO | Found Miscrits window: client (x=872, y=397, w=1152, h=648)
2025-11-01 19:28:43,219 | INFO | Bot started.
2025-11-01 19:28:43,221 | INFO | Selected spot 'NewSpot', template=assets/templates/spots/spot_1762004611.png thr=0.82
2025-11-01 19:28:43,221 | INFO | Found Miscrits window: client (x=872, y=397, w=1152, h=648)
2025-11-01 19:28:45,280 | INFO | Bot started.
2025-11-01 19:28:45,283 | INFO | Selected spot 'NewSpot', template=assets/templates/spots/spot_1762004611.png thr=0.82
2025-11-01 19:28:45,283 | INFO | Found Miscrits window: client (x=872, y=397, w=1152, h=648)
2025-11-01 19:28:45,684 | INFO | Bot started.
2025-11-01 19:28:45,686 | INFO | Selected spot 'NewSpot', template=assets/templates/spots/spot_1762004611.png thr=0.82
2025-11-01 19:28:45,686 | INFO | Found Miscrits window: client (x=872, y=397, w=1152, h=648)
2025-11-01 19:30:38,476 | INFO | Bot started.
2025-11-01 19:30:38,478 | INFO | Selected spot 'NewSpot', template=assets/templates/spots/spot_1762004611.png thr=0.82
2025-11-01 19:30:38,479 | INFO | Found Miscrits window: client (x=872, y=397, w=1152, h=648)
2025-11-01 19:30:41,363 | INFO | Bot started.
2025-11-01 19:30:41,364 | INFO | Selected spot 'NewSpot', template=assets/templates/spots/spot_1762004611.png thr=0.82
2025-11-01 19:30:41,364 | INFO | Found Miscrits window: client (x=872, y=397, w=1152, h=648)
2025-11-01 19:30:43,316 | INFO | Bot started.
2025-11-01 19:30:43,317 | INFO | Selected spot 'NewSpot', template=assets/templates/spots/spot_1762004611.png thr=0.82
2025-11-01 19:30:43,318 | INFO | Found Miscrits window: client (x=872, y=397, w=1152, h=648)
2025-11-01 19:32:01,212 | INFO | Bot started.
2025-11-01 19:32:01,214 | INFO | Selected spot 'NewSpot', template=assets/templates/spots/spot_1762004611.png thr=0.82
2025-11-01 19:32:01,214 | INFO | Found Miscrits window: client (x=872, y=397, w=1152, h=648)
2025-11-01 19:32:06,442 | INFO | Bot started. Focusing Miscrits window...
2025-11-01 19:32:06,452 | INFO | Monitoring Miscrits window (1152x648) every 10.0s...
2025-11-01 19:32:06,513 | INFO | Not found (score=0.28) at 364,331
2025-11-01 19:32:16,665 | INFO | Not found (score=0.67) at 423,92
2025-11-01 19:32:27,903 | INFO | FOUND (score=0.84) at 570,82
2025-11-01 19:32:28,275 | INFO | Clicked detected spot at screen (1492,550)
2025-11-01 19:32:38,341 | INFO | Not found (score=0.76) at 632,42
2025-11-01 19:32:48,456 | INFO | Not found (score=0.76) at 30,61
2025-11-01 19:32:58,570 | INFO | Not found (score=0.76) at 632,42
2025-11-01 19:33:08,678 | INFO | Not found (score=0.76) at 632,42
2025-11-01 19:33:18,806 | INFO | FOUND (score=0.98) at 644,92
2025-11-01 19:33:19,103 | INFO | Clicked detected spot at screen (1566,560)
2025-11-01 19:33:29,166 | INFO | FOUND (score=0.83) at 42,111
2025-11-01 19:33:29,505 | INFO | Clicked detected spot at screen (964,579)
2025-11-01 19:33:39,566 | INFO | FOUND (score=0.96) at 452,272
2025-11-01 19:33:39,903 | INFO | Clicked detected spot at screen (1374,740)
2025-11-01 19:58:26,214 | INFO | Selected spot 'NewSpot'  template=assets/templates/spots/spot_1762004611.png  thr=0.82
2025-11-01 19:58:30,526 | INFO | Selected spot 'NewSpot'  template=assets/templates/spots/spot_1762004611.png  thr=0.82
2025-11-01 20:58:29,617 | INFO | Selected spot 'NewSpot'  template=assets/templates/spots/spot_1762004611.png  thr=0.82
2025-11-01 21:46:42,444 | INFO | Battle system enabled
2025-11-01 21:46:42,445 | INFO | Selected spot: 'NewSpot'  threshold=0.82
2025-11-01 21:46:42,447 | INFO | Template loaded: 101x143 pixels
2025-11-01 21:46:42,449 | INFO | Bound to 'Miscrits' (HWND=265402)
2025-11-01 21:46:42,450 | INFO | Client area: x=4, y=176, w=1152, h=648
2025-11-01 21:46:42,900 | INFO | ============================================================
2025-11-01 21:46:42,900 | INFO | Bot started - Press configured hotkeys to control
2025-11-01 21:46:42,902 | INFO | Search interval: 10.0s
2025-11-01 21:46:42,904 | INFO | Match threshold: 0.82
2025-11-01 21:46:42,904 | INFO | ============================================================
2025-11-01 21:46:42,992 | ERROR | Unexpected error in main loop: 'Bot' object has no attribute 'stats'
2025-11-01 22:00:50,977 | INFO | Battle system enabled
2025-11-01 22:00:50,978 | INFO | Selected spot: 'NewSpot'  threshold=0.82
2025-11-01 22:00:50,981 | INFO | Template loaded: 101x143 pixels
2025-11-01 22:00:50,983 | INFO | Bound to 'Miscrits' (HWND=265402)
2025-11-01 22:00:50,983 | INFO | Client area: x=4, y=176, w=1152, h=648
2025-11-01 22:00:51,418 | INFO | ============================================================
2025-11-01 22:00:51,419 | INFO | Bot started - Press configured hotkeys to control
2025-11-01 22:00:51,419 | INFO | Search interval: 10.0s
2025-11-01 22:00:51,420 | INFO | Match threshold: 0.82
2025-11-01 22:00:51,420 | INFO | ============================================================
2025-11-01 22:01:01,132 | INFO | Stop signal received
2025-11-01 22:01:01,509 | INFO | ============================================================
2025-11-01 22:01:01,509 | INFO | Bot stopped
2025-11-01 22:01:01,510 | INFO | Session stats: 0 clicks, 0 matches, 1 misses, 0 errors
2025-11-01 22:01:01,510 | INFO | ============================================================
2025-11-01 22:01:07,123 | INFO | Battle system enabled
2025-11-01 22:01:07,125 | INFO | Selected spot: 'Test'  threshold=0.82
2025-11-01 22:01:07,126 | INFO | Template loaded: 82x83 pixels
2025-11-01 22:01:07,128 | INFO | Bound to 'Miscrits' (HWND=265402)
2025-11-01 22:01:07,128 | INFO | Client area: x=4, y=176, w=1152, h=648
2025-11-01 22:01:07,574 | INFO | ============================================================
2025-11-01 22:01:07,574 | INFO | Bot started - Press configured hotkeys to control
2025-11-01 22:01:07,574 | INFO | Search interval: 10.0s
2025-11-01 22:01:07,575 | INFO | Match threshold: 0.82
2025-11-01 22:01:07,575 | INFO | ============================================================
2025-11-01 22:01:07,839 | INFO | ✓ MATCH [0.945] at client(563,385) → clicked screen(567,561)
2025-11-01 22:01:12,434 | INFO | Stop signal received
2025-11-01 22:01:17,840 | INFO | ============================================================
2025-11-01 22:01:17,840 | INFO | Bot stopped
2025-11-01 22:01:17,840 | INFO | Session stats: 1 clicks, 1 matches, 0 misses, 0 errors
2025-11-01 22:01:17,841 | INFO | ============================================================
2025-11-01 22:01:20,374 | INFO | Battle system enabled
2025-11-01 22:01:20,375 | INFO | Selected spot: 'NewSpot'  threshold=0.82
2025-11-01 22:01:20,376 | INFO | Template loaded: 101x143 pixels
2025-11-01 22:01:20,378 | INFO | Bound to 'Miscrits' (HWND=265402)
2025-11-01 22:01:20,379 | INFO | Client area: x=4, y=176, w=1152, h=648
2025-11-01 22:01:20,818 | INFO | ============================================================
2025-11-01 22:01:20,819 | INFO | Bot started - Press configured hotkeys to control
2025-11-01 22:01:20,820 | INFO | Search interval: 10.0s
2025-11-01 22:01:20,820 | INFO | Match threshold: 0.82
2025-11-01 22:01:20,820 | INFO | ============================================================
2025-11-01 22:01:24,422 | INFO | Stop signal received
2025-11-01 22:01:30,882 | INFO | ============================================================
2025-11-01 22:01:30,883 | INFO | Bot stopped
2025-11-01 22:01:30,883 | INFO | Session stats: 0 clicks, 0 matches, 1 misses, 0 errors
2025-11-01 22:01:30,883 | INFO | ============================================================
2025-11-01 22:01:32,649 | INFO | Battle system enabled
2025-11-01 22:01:32,650 | INFO | Selected spot: 'NewSpot'  threshold=0.82
2025-11-01 22:01:32,651 | INFO | Template loaded: 101x143 pixels
2025-11-01 22:01:32,652 | INFO | Bound to 'Miscrits' (HWND=265402)
2025-11-01 22:01:32,652 | INFO | Client area: x=4, y=176, w=1152, h=648
2025-11-01 22:01:33,095 | INFO | ============================================================
2025-11-01 22:01:33,095 | INFO | Bot started - Press configured hotkeys to control
2025-11-01 22:01:33,095 | INFO | Search interval: 10.0s
2025-11-01 22:01:33,096 | INFO | Match threshold: 0.82
2025-11-01 22:01:33,096 | INFO | ============================================================
2025-11-01 22:01:40,923 | INFO | Stop signal received
2025-11-01 22:01:43,175 | INFO | ============================================================
2025-11-01 22:01:43,176 | INFO | Bot stopped
2025-11-01 22:01:43,176 | INFO | Session stats: 0 clicks, 0 matches, 1 misses, 0 errors
2025-11-01 22:01:43,187 | INFO | ============================================================
2025-11-01 22:02:07,219 | INFO | Battle system enabled
2025-11-01 22:02:07,220 | INFO | Selected spot: 'NewSpot'  threshold=0.82
2025-11-01 22:02:07,220 | INFO | Template loaded: 37x43 pixels
2025-11-01 22:02:07,221 | INFO | Bound to 'Miscrits' (HWND=265402)
2025-11-01 22:02:07,222 | INFO | Client area: x=4, y=176, w=1152, h=648
2025-11-01 22:02:07,664 | INFO | ============================================================
2025-11-01 22:02:07,664 | INFO | Bot started - Press configured hotkeys to control
2025-11-01 22:02:07,664 | INFO | Search interval: 10.0s
2025-11-01 22:02:07,665 | INFO | Match threshold: 0.82
2025-11-01 22:02:07,665 | INFO | ============================================================
2025-11-01 22:02:08,015 | INFO | ✓ MATCH [0.914] at client(626,309) → clicked screen(630,485)
2025-11-01 22:02:12,455 | INFO | Stop signal received
2025-11-01 22:02:18,016 | INFO | ============================================================
2025-11-01 22:02:18,016 | INFO | Bot stopped
2025-11-01 22:02:18,016 | INFO | Session stats: 1 clicks, 1 matches, 0 misses, 0 errors
2025-11-01 22:02:18,016 | INFO | ============================================================
2025-11-01 22:02:18,913 | INFO | Battle system enabled
2025-11-01 22:02:18,915 | INFO | Selected spot: 'NewSpot'  threshold=0.82
2025-11-01 22:02:18,916 | INFO | Template loaded: 37x43 pixels
2025-11-01 22:02:18,919 | INFO | Bound to 'Miscrits' (HWND=265402)
2025-11-01 22:02:18,919 | INFO | Client area: x=4, y=176, w=1152, h=648
2025-11-01 22:02:19,386 | INFO | ============================================================
2025-11-01 22:02:19,387 | INFO | Bot started - Press configured hotkeys to control
2025-11-01 22:02:19,387 | INFO | Search interval: 10.0s
2025-11-01 22:02:19,387 | INFO | Match threshold: 0.82
2025-11-01 22:02:19,387 | INFO | ============================================================
2025-11-01 22:02:19,698 | INFO | ✓ MATCH [0.856] at client(596,333) → clicked screen(600,509)
2025-11-01 22:02:23,366 | INFO | Stop signal received
2025-11-01 22:02:29,698 | INFO | ============================================================
2025-11-01 22:02:29,699 | INFO | Bot stopped
2025-11-01 22:02:29,699 | INFO | Session stats: 1 clicks, 1 matches, 0 misses, 0 errors
2025-11-01 22:02:29,699 | INFO | ============================================================
2025-11-01 22:03:27,957 | INFO | Battle system enabled
2025-11-01 22:03:27,958 | INFO | Selected spot: 'NewSpot'  threshold=0.82
2025-11-01 22:03:27,959 | INFO | Template loaded: 37x43 pixels
2025-11-01 22:03:27,960 | INFO | Bound to 'Miscrits' (HWND=265402)
2025-11-01 22:03:27,960 | INFO | Client area: x=4, y=176, w=1152, h=648
2025-11-01 22:03:28,392 | INFO | ============================================================
2025-11-01 22:03:28,393 | INFO | Bot started - Press configured hotkeys to control
2025-11-01 22:03:28,393 | INFO | Search interval: 10.0s
2025-11-01 22:03:28,393 | INFO | Match threshold: 0.82
2025-11-01 22:03:28,393 | INFO | ============================================================
2025-11-01 22:03:28,633 | INFO | ✓ MATCH [0.856] at client(596,333) → clicked screen(600,509)
2025-11-01 22:04:06,901 | INFO | Stop signal received
2025-11-01 22:04:08,792 | INFO | ============================================================
2025-11-01 22:04:08,792 | INFO | Bot stopped
2025-11-01 22:04:08,793 | INFO | Session stats: 1 clicks, 1 matches, 3 misses, 0 errors
2025-11-01 22:04:08,793 | INFO | ============================================================
2025-11-01 22:04:16,180 | INFO | Battle system enabled
2025-11-01 22:04:16,181 | INFO | Selected spot: 'Test'  threshold=0.82
2025-11-01 22:04:16,182 | INFO | Template loaded: 82x83 pixels
2025-11-01 22:04:16,183 | INFO | Bound to 'Miscrits' (HWND=265402)
2025-11-01 22:04:16,183 | INFO | Client area: x=4, y=176, w=1152, h=648
2025-11-01 22:04:16,620 | INFO | ============================================================
2025-11-01 22:04:16,620 | INFO | Bot started - Press configured hotkeys to control
2025-11-01 22:04:16,620 | INFO | Search interval: 10.0s
2025-11-01 22:04:16,621 | INFO | Match threshold: 0.82
2025-11-01 22:04:16,621 | INFO | ============================================================
2025-11-01 22:04:16,854 | INFO | ✓ MATCH [0.961] at client(483,359) → clicked screen(487,535)
2025-11-01 22:04:40,303 | INFO | Stop signal received
2025-11-01 22:50:29,421 | INFO | Battle system enabled
2025-11-01 22:50:29,421 | INFO | Selected spot: 'NewSpot'  threshold=0.82
2025-11-01 22:50:29,423 | INFO | Template loaded: 37x43 pixels
2025-11-01 22:50:29,425 | INFO | Bound to 'Miscrits' (HWND=265402)
2025-11-01 22:50:29,425 | INFO | Client area: x=4, y=176, w=1152, h=648
2025-11-01 22:50:29,727 | INFO | ============================================================
2025-11-01 22:50:29,727 | INFO | Bot started - Press configured hotkeys to control
2025-11-01 22:50:29,727 | INFO | Search interval: 10.0s
2025-11-01 22:50:29,728 | INFO | Match threshold: 0.82
2025-11-01 22:50:29,729 | INFO | ============================================================
2025-11-01 22:50:29,988 | INFO | ✓ MATCH [0.886] at client(598,331) → clicked screen(602,507)
2025-11-01 22:50:54,742 | INFO | Stop signal received
2025-11-01 22:51:00,140 | INFO | ============================================================
2025-11-01 22:51:00,140 | INFO | Bot stopped
2025-11-01 22:51:00,141 | INFO | Session stats: 1 clicks, 1 matches, 2 misses, 0 errors
2025-11-01 22:51:00,141 | INFO | ============================================================
2025-11-01 22:51:04,036 | INFO | Battle system enabled
2025-11-01 22:51:04,037 | INFO | Selected spot: 'NewSpot'  threshold=0.82
2025-11-01 22:51:04,038 | INFO | Template loaded: 37x43 pixels
2025-11-01 22:51:04,039 | INFO | Bound to 'Miscrits' (HWND=265402)
2025-11-01 22:51:04,039 | INFO | Client area: x=4, y=263, w=1152, h=648
2025-11-01 22:51:04,485 | INFO | ============================================================
2025-11-01 22:51:04,486 | INFO | Bot started - Press configured hotkeys to control
2025-11-01 22:51:04,486 | INFO | Search interval: 10.0s
2025-11-01 22:51:04,486 | INFO | Match threshold: 0.82
2025-11-01 22:51:04,487 | INFO | ============================================================
2025-11-01 22:51:04,746 | INFO | ✓ MATCH [0.886] at client(598,331) → clicked screen(602,594)
2025-11-01 22:51:35,078 | INFO | ✓ MATCH [0.825] at client(596,333) → clicked screen(600,596)
2025-11-01 22:51:55,346 | INFO | ✓ MATCH [0.825] at client(596,333) → clicked screen(600,596)
2025-11-01 22:52:03,902 | INFO | Stop signal received
2025-11-01 22:52:05,346 | INFO | ============================================================
2025-11-01 22:52:05,346 | INFO | Bot stopped
2025-11-01 22:52:05,346 | INFO | Session stats: 3 clicks, 3 matches, 3 misses, 0 errors
2025-11-01 22:52:05,346 | INFO | ============================================================
2025-11-01 23:38:59,857 | INFO | ⚔️ Battle system enabled
2025-11-01 23:38:59,860 | INFO | Selected spot: 'NewSpot'  threshold=0.82
2025-11-01 23:38:59,893 | INFO | Template loaded: 37x43 pixels
2025-11-01 23:38:59,895 | INFO | Bound to 'Miscrits' (HWND=265402)
2025-11-01 23:38:59,896 | INFO | Client area: x=-9, y=213, w=1152, h=648
2025-11-01 23:39:00,345 | INFO | ============================================================
2025-11-01 23:39:00,345 | INFO | 🤖 Bot started - Press configured hotkeys to control
2025-11-01 23:39:00,346 | INFO | 🔍 Search interval: 10.0s
2025-11-01 23:39:00,346 | INFO | 🎯 Match threshold: 0.82
2025-11-01 23:39:00,346 | INFO | ⚔️  Auto-battle: ENABLED
2025-11-01 23:39:00,347 | INFO | ============================================================
2025-11-01 23:39:00,350 | ERROR | Battle detection error: 'function' object has no attribute 'mss'
2025-11-01 23:39:00,576 | INFO | ✓ MATCH [0.997] at client(672,291) → clicked screen(663,504)
2025-11-01 23:39:00,853 | INFO | ⏳ Waiting for battle to start...
2025-11-01 23:39:12,854 | ERROR | Battle detection error: 'function' object has no attribute 'mss'
2025-11-01 23:39:22,306 | INFO | 🛑 Stop signal received
2025-11-01 23:39:22,940 | INFO | ============================================================
2025-11-01 23:39:22,940 | INFO | 🛑 Bot stopped
2025-11-01 23:39:22,940 | INFO | 📊 Session stats:
2025-11-01 23:39:22,941 | INFO |    • Spot clicks: 1
2025-11-01 23:39:22,941 | INFO |    • Template matches: 1
2025-11-01 23:39:22,941 | INFO |    • Template misses: 1
2025-11-01 23:39:22,941 | INFO |    • Total battles: 0
2025-11-01 23:39:22,942 | INFO |    • Captures successful: 0
2025-11-01 23:39:22,942 | INFO |    • Skipped (not eligible): 0
2025-11-01 23:39:22,942 | INFO |    • Defeated: 0
2025-11-01 23:39:22,943 | INFO |    • Errors: 0
2025-11-01 23:39:22,943 | INFO | ============================================================
2025-11-01 23:44:12,439 | INFO | ⚔️ Battle system enabled
2025-11-01 23:44:12,440 | INFO | Selected spot: 'NewSpot'  threshold=0.82
2025-11-01 23:44:12,442 | INFO | Template loaded: 37x43 pixels
2025-11-01 23:44:12,443 | INFO | Bound to 'Miscrits' (HWND=265402)
2025-11-01 23:44:12,444 | INFO | Client area: x=208, y=230, w=1152, h=648
2025-11-01 23:44:12,875 | INFO | ============================================================
2025-11-01 23:44:12,876 | INFO | 🤖 Bot started - Press configured hotkeys to control
2025-11-01 23:44:12,876 | INFO | 🔍 Search interval: 10.0s
2025-11-01 23:44:12,877 | INFO | 🎯 Match threshold: 0.82
2025-11-01 23:44:12,877 | INFO | ⚔️  Auto-battle: ENABLED
2025-11-01 23:44:12,877 | INFO | ============================================================
2025-11-01 23:44:12,880 | ERROR | Battle detection error: 'function' object has no attribute 'mss'
2025-11-01 23:44:13,103 | INFO | ✓ MATCH [0.930] at client(618,337) → clicked screen(826,567)
2025-11-01 23:44:13,324 | INFO | ⏳ Waiting for battle to start...
2025-11-01 23:44:25,325 | ERROR | Battle detection error: 'function' object has no attribute 'mss'
2025-11-01 23:44:28,957 | INFO | 🛑 Stop signal received
2025-11-01 23:44:35,400 | INFO | ============================================================
2025-11-01 23:44:35,401 | INFO | 🛑 Bot stopped
2025-11-01 23:44:35,401 | INFO | 📊 Session stats:
2025-11-01 23:44:35,401 | INFO |    • Spot clicks: 1
2025-11-01 23:44:35,402 | INFO |    • Template matches: 1
2025-11-01 23:44:35,402 | INFO |    • Template misses: 1
2025-11-01 23:44:35,402 | INFO |    • Total battles: 0
2025-11-01 23:44:35,402 | INFO |    • Captures successful: 0
2025-11-01 23:44:35,402 | INFO |    • Skipped (not eligible): 0
2025-11-01 23:44:35,403 | INFO |    • Defeated: 0
2025-11-01 23:44:35,403 | INFO |    • Errors: 0
2025-11-01 23:44:35,403 | INFO | ============================================================
2025-11-01 23:44:37,035 | INFO | ⚔️ Battle system enabled
2025-11-01 23:44:37,035 | INFO | Selected spot: 'NewSpot'  threshold=0.82
2025-11-01 23:44:37,036 | INFO | Template loaded: 37x43 pixels
2025-11-01 23:44:37,038 | INFO | Bound to 'Miscrits' (HWND=265402)
2025-11-01 23:44:37,038 | INFO | Client area: x=208, y=230, w=1152, h=648
2025-11-01 23:44:37,474 | INFO | ============================================================
2025-11-01 23:44:37,475 | INFO | 🤖 Bot started - Press configured hotkeys to control
2025-11-01 23:44:37,475 | INFO | 🔍 Search interval: 10.0s
2025-11-01 23:44:37,475 | INFO | 🎯 Match threshold: 0.82
2025-11-01 23:44:37,476 | INFO | ⚔️  Auto-battle: ENABLED
2025-11-01 23:44:37,476 | INFO | ============================================================
2025-11-01 23:44:37,477 | ERROR | Battle detection error: 'function' object has no attribute 'mss'
2025-11-01 23:44:37,774 | INFO | ✓ MATCH [0.878] at client(602,337) → clicked screen(810,567)
2025-11-01 23:44:37,774 | INFO | ⏳ Waiting for battle to start...
2025-11-01 23:44:49,776 | ERROR | Battle detection error: 'function' object has no attribute 'mss'
2025-11-01 23:44:59,848 | ERROR | Battle detection error: 'function' object has no attribute 'mss'
2025-11-01 23:45:09,944 | ERROR | Battle detection error: 'function' object has no attribute 'mss'
2025-11-01 23:45:20,008 | ERROR | Battle detection error: 'function' object has no attribute 'mss'
